<?xml version="1.0" encoding="UTF-8"?>
<testng-results skipped="0" failed="0" ignored="0" total="1" passed="1">
  <reporter-output>
  </reporter-output>
  <suite name="Default suite" duration-ms="178338" started-at="2018-09-16T07:18:09Z" finished-at="2018-09-16T07:21:07Z">
    <groups>
    </groups>
    <test name="Default test" duration-ms="178338" started-at="2018-09-16T07:18:09Z" finished-at="2018-09-16T07:21:07Z">
      <class name="HttpRestClient.HttpRestClient.Test1">
        <test-method status="PASS" signature="Setup()[pri:0, instance:HttpRestClient.HttpRestClient.Test1@cd3fee8]" name="Setup" is-config="true" duration-ms="7" started-at="2018-09-16T07:18:09Z" finished-at="2018-09-16T07:18:09Z">
          <reporter-output>
          </reporter-output>
        </test-method> <!-- Setup -->
        <test-method status="PASS" signature="getApiTest()[pri:0, instance:HttpRestClient.HttpRestClient.Test1@cd3fee8]" name="getApiTest" duration-ms="178301" started-at="2018-09-16T07:18:09Z" finished-at="2018-09-16T07:21:07Z">
          <reporter-output>
          </reporter-output>
        </test-method> <!-- getApiTest -->
      </class> <!-- HttpRestClient.HttpRestClient.Test1 -->
    </test> <!-- Default test -->
  </suite> <!-- Default suite -->
</testng-results>
